<?xml version="1.0" encoding="UTF-8"?>
<!-- Generated by org.testng.reporters.JUnitXMLReporter -->
<testsuite ignored="2" hostname="HP" failures="0" tests="3" name="SmokeTest" time="20.297" errors="0" timestamp="07 Jun 2025 17:17:24 GMT">
  <testcase classname="swaglab_test.LoginTest" name="LoginSuccessTest" time="1.057"/>
  <testcase classname="swaglab_test.LoginTest" name="LoginFailureTest" time="0.821"/>
  <testcase classname="swaglab_test.LoginTest" name="LocakedUserLoginFailureTest" time="0.788"/>
  <testcase classname="swaglab_test.LoginTest" name="LoginFailureTestFromProperties" time="0.0">
    <ignored/>
  </testcase> <!-- LoginFailureTestFromProperties -->
  <testcase classname="swaglab_test.LoginTest" name="LoginFailureTestFromExcel" time="0.0">
    <ignored/>
  </testcase> <!-- LoginFailureTestFromExcel -->
</testsuite> <!-- SmokeTest -->
